{"/Users/christianturner/Dev/Personal/Go/webapp/frontend/src/App.tsx": {"path":"/Users/christianturner/Dev/Personal/Go/webapp/frontend/src/App.tsx","statementMap":{"0":{"start":{"line":10,"column":4},"end":{"line":17,"column":6}}},"fnMap":{"0":{"name":"(anonymous_0)","decl":{"start":{"line":9,"column":2},"end":{"line":9,"column":3}},"loc":{"start":{"line":9,"column":11},"end":{"line":18,"column":3}},"line":9}},"branchMap":{},"s":{"0":1},"f":{"0":1},"b":{},"_coverageSchema":"1a1c01bbd47fc00a2c39e90264f33305004495a9","hash":"2db1389db35e1a28c6a920c9521a31e32caab085"}
,"/Users/christianturner/Dev/Personal/Go/webapp/frontend/src/components/Header.tsx": {"path":"/Users/christianturner/Dev/Personal/Go/webapp/frontend/src/components/Header.tsx","statementMap":{"0":{"start":{"line":11,"column":4},"end":{"line":45,"column":6}}},"fnMap":{"0":{"name":"(anonymous_0)","decl":{"start":{"line":10,"column":2},"end":{"line":10,"column":3}},"loc":{"start":{"line":10,"column":11},"end":{"line":46,"column":3}},"line":10}},"branchMap":{},"s":{"0":3},"f":{"0":3},"b":{},"_coverageSchema":"1a1c01bbd47fc00a2c39e90264f33305004495a9","hash":"375b14bfcebfdd010ec04ec3254df7f205f08c3e"}
}
